<?xml version="1.0" encoding="UTF-8"?>
<testsuite xmlns:xsi="http://www.w3.org/2001/XMLSchema-instance" xsi:noNamespaceSchemaLocation="https://maven.apache.org/surefire/maven-surefire-plugin/xsd/surefire-test-report.xsd" name="TestSuite" time="192.948" tests="10" errors="0" skipped="0" failures="3">
  <properties>
[...]
</properties>
  <testcase name="displayProductPrice" classname="MSInnovations.TestSuite" time="0.961"/>
  <testcase name="guestUserShouldBeAbleToComment" classname="MSInnovations.TestSuite" time="6.116"/>
  <testcase name="guestUserShouldCheckoutSuccessfully" classname="MSInnovations.TestSuite" time="17.817"/>
  <testcase name="registeredUserShouldBeAbleToReferAFriend" classname="MSInnovations.TestSuite" time="10.382"/>
  <testcase name="unregisteredUserShouldNOTBeAbleReferAFriend" classname="MSInnovations.TestSuite" time="41.574">
    <failure message="no such element: Unable to locate element: {&quot;method&quot;:&quot;xpath&quot;,&quot;selector&quot;:&quot;//div [@class=&apos;message-error validation-summary-errors&apos;]&quot;}&#10;  (Session info: MicrosoftEdge=80.0.361.48)&#10;  (Driver info: msedgedriver=80.0.361.48 (e1a3ff36578e440880567e6adcbeab38ec2956fa),platform=Windows NT 10.0.10586 x86_64) (WARNING: The server did not provide any stacktrace information)&#10;Command duration or timeout: 0 milliseconds&#10;For documentation on this error, please visit: https://www.seleniumhq.org/exceptions/no_such_element.html&#10;Build info: version: &apos;3.141.59&apos;, revision: &apos;e82be7d358&apos;, time: &apos;2018-11-14T08:17:03&apos;&#10;System info: host: &apos;MAULIN&apos;, ip: &apos;192.168.0.17&apos;, os.name: &apos;Windows 10&apos;, os.arch: &apos;amd64&apos;, os.version: &apos;10.0&apos;, java.version: &apos;1.8.0_221&apos;&#10;Driver info: org.openqa.selenium.remote.RemoteWebDriver&#10;Capabilities {acceptInsecureCerts: false, acceptSslCerts: false, applicationCacheEnabled: false, browserConnectionEnabled: false, browserName: msedge, cssSelectorsEnabled: true, databaseEnabled: false, handlesAlerts: true, hasMetadata: true, hasTouchScreen: false, javascriptEnabled: true, locationContextEnabled: true, mobileEmulationEnabled: false, ms:edgeOptions: {debuggerAddress: localhost:49748}, msedge: {msedgedriverVersion: 80.0.361.48 (e1a3ff36578e44..., userDataDir: C:\Users\ADMINI~1\AppData\L...}, nativeEvents: true, networkConnectionEnabled: false, pageLoadStrategy: normal, platform: WINDOWS, platformName: WINDOWS, proxy: Proxy(), rotatable: false, setWindowRect: true, strictFileInteractability: false, takesHeapSnapshot: true, takesScreenshot: true, timeouts: {implicit: 0, pageLoad: 300000, script: 30000}, unexpectedAlertBehaviour: ignore, unhandledPromptBehavior: ignore, version: 80.0.361.48, webStorageEnabled: true, webdriver.remote.sessionid: 31fd294b6190421e8c3206e3e5b...}&#10;Session ID: 31fd294b6190421e8c3206e3e5b3801e&#10;*** Element info: {Using=xpath, value=//div [@class=&apos;message-error validation-summary-errors&apos;]}" type="org.openqa.selenium.NoSuchElementException">org.openqa.selenium.NoSuchElementException: 
no such element: Unable to locate element: {"method":"xpath","selector":"//div [@class='message-error validation-summary-errors']"}
  (Session info: MicrosoftEdge=80.0.361.48)
  (Driver info: msedgedriver=80.0.361.48 (e1a3ff36578e440880567e6adcbeab38ec2956fa),platform=Windows NT 10.0.10586 x86_64) (WARNING: The server did not provide any stacktrace information)
Command duration or timeout: 0 milliseconds
For documentation on this error, please visit: https://www.seleniumhq.org/exceptions/no_such_element.html
Build info: version: '3.141.59', revision: 'e82be7d358', time: '2018-11-14T08:17:03'
System info: host: 'MAULIN', ip: '192.168.0.17', os.name: 'Windows 10', os.arch: 'amd64', os.version: '10.0', java.version: '1.8.0_221'
Driver info: org.openqa.selenium.remote.RemoteWebDriver
Capabilities {acceptInsecureCerts: false, acceptSslCerts: false, applicationCacheEnabled: false, browserConnectionEnabled: false, browserName: msedge, cssSelectorsEnabled: true, databaseEnabled: false, handlesAlerts: true, hasMetadata: true, hasTouchScreen: false, javascriptEnabled: true, locationContextEnabled: true, mobileEmulationEnabled: false, ms:edgeOptions: {debuggerAddress: localhost:49748}, msedge: {msedgedriverVersion: 80.0.361.48 (e1a3ff36578e44..., userDataDir: C:\Users\ADMINI~1\AppData\L...}, nativeEvents: true, networkConnectionEnabled: false, pageLoadStrategy: normal, platform: WINDOWS, platformName: WINDOWS, proxy: Proxy(), rotatable: false, setWindowRect: true, strictFileInteractability: false, takesHeapSnapshot: true, takesScreenshot: true, timeouts: {implicit: 0, pageLoad: 300000, script: 30000}, unexpectedAlertBehaviour: ignore, unhandledPromptBehavior: ignore, version: 80.0.361.48, webStorageEnabled: true, webdriver.remote.sessionid: 31fd294b6190421e8c3206e3e5b...}
Session ID: 31fd294b6190421e8c3206e3e5b3801e
*** Element info: {Using=xpath, value=//div [@class='message-error validation-summary-errors']}
	at MSInnovations.TestSuite.unregisteredUserShouldNOTBeAbleReferAFriend(TestSuite.java:61)
</failure>
  </testcase>
  <testcase name="userShouldAbleToRegisterSuccessfully" classname="MSInnovations.TestSuite" time="30.107">
    <failure message="no such element: Unable to locate element: {&quot;method&quot;:&quot;link text&quot;,&quot;selector&quot;:&quot;Register&quot;}&#10;  (Session info: MicrosoftEdge=80.0.361.48)&#10;  (Driver info: msedgedriver=80.0.361.48 (e1a3ff36578e440880567e6adcbeab38ec2956fa),platform=Windows NT 10.0.10586 x86_64) (WARNING: The server did not provide any stacktrace information)&#10;Command duration or timeout: 0 milliseconds&#10;For documentation on this error, please visit: https://www.seleniumhq.org/exceptions/no_such_element.html&#10;Build info: version: &apos;3.141.59&apos;, revision: &apos;e82be7d358&apos;, time: &apos;2018-11-14T08:17:03&apos;&#10;System info: host: &apos;MAULIN&apos;, ip: &apos;192.168.0.17&apos;, os.name: &apos;Windows 10&apos;, os.arch: &apos;amd64&apos;, os.version: &apos;10.0&apos;, java.version: &apos;1.8.0_221&apos;&#10;Driver info: org.openqa.selenium.remote.RemoteWebDriver&#10;Capabilities {acceptInsecureCerts: false, acceptSslCerts: false, applicationCacheEnabled: false, browserConnectionEnabled: false, browserName: msedge, cssSelectorsEnabled: true, databaseEnabled: false, handlesAlerts: true, hasMetadata: true, hasTouchScreen: false, javascriptEnabled: true, locationContextEnabled: true, mobileEmulationEnabled: false, ms:edgeOptions: {debuggerAddress: localhost:49748}, msedge: {msedgedriverVersion: 80.0.361.48 (e1a3ff36578e44..., userDataDir: C:\Users\ADMINI~1\AppData\L...}, nativeEvents: true, networkConnectionEnabled: false, pageLoadStrategy: normal, platform: WINDOWS, platformName: WINDOWS, proxy: Proxy(), rotatable: false, setWindowRect: true, strictFileInteractability: false, takesHeapSnapshot: true, takesScreenshot: true, timeouts: {implicit: 0, pageLoad: 300000, script: 30000}, unexpectedAlertBehaviour: ignore, unhandledPromptBehavior: ignore, version: 80.0.361.48, webStorageEnabled: true, webdriver.remote.sessionid: 31fd294b6190421e8c3206e3e5b...}&#10;Session ID: 31fd294b6190421e8c3206e3e5b3801e&#10;*** Element info: {Using=link text, value=Register}" type="org.openqa.selenium.NoSuchElementException">org.openqa.selenium.NoSuchElementException: 
no such element: Unable to locate element: {"method":"link text","selector":"Register"}
  (Session info: MicrosoftEdge=80.0.361.48)
  (Driver info: msedgedriver=80.0.361.48 (e1a3ff36578e440880567e6adcbeab38ec2956fa),platform=Windows NT 10.0.10586 x86_64) (WARNING: The server did not provide any stacktrace information)
Command duration or timeout: 0 milliseconds
For documentation on this error, please visit: https://www.seleniumhq.org/exceptions/no_such_element.html
Build info: version: '3.141.59', revision: 'e82be7d358', time: '2018-11-14T08:17:03'
System info: host: 'MAULIN', ip: '192.168.0.17', os.name: 'Windows 10', os.arch: 'amd64', os.version: '10.0', java.version: '1.8.0_221'
Driver info: org.openqa.selenium.remote.RemoteWebDriver
Capabilities {acceptInsecureCerts: false, acceptSslCerts: false, applicationCacheEnabled: false, browserConnectionEnabled: false, browserName: msedge, cssSelectorsEnabled: true, databaseEnabled: false, handlesAlerts: true, hasMetadata: true, hasTouchScreen: false, javascriptEnabled: true, locationContextEnabled: true, mobileEmulationEnabled: false, ms:edgeOptions: {debuggerAddress: localhost:49748}, msedge: {msedgedriverVersion: 80.0.361.48 (e1a3ff36578e44..., userDataDir: C:\Users\ADMINI~1\AppData\L...}, nativeEvents: true, networkConnectionEnabled: false, pageLoadStrategy: normal, platform: WINDOWS, platformName: WINDOWS, proxy: Proxy(), rotatable: false, setWindowRect: true, strictFileInteractability: false, takesHeapSnapshot: true, takesScreenshot: true, timeouts: {implicit: 0, pageLoad: 300000, script: 30000}, unexpectedAlertBehaviour: ignore, unhandledPromptBehavior: ignore, version: 80.0.361.48, webStorageEnabled: true, webdriver.remote.sessionid: 31fd294b6190421e8c3206e3e5b...}
Session ID: 31fd294b6190421e8c3206e3e5b3801e
*** Element info: {Using=link text, value=Register}
	at MSInnovations.TestSuite.userShouldAbleToRegisterSuccessfully(TestSuite.java:28)
</failure>
  </testcase>
  <testcase name="userShouldBeAbleToChangeCurrency" classname="MSInnovations.TestSuite" time="62.996"/>
  <testcase name="userShouldBeAbleToCompareProducts" classname="MSInnovations.TestSuite" time="3.941"/>
  <testcase name="userShouldBeAbleToSortOutProductHighToLow" classname="MSInnovations.TestSuite" time="2.313">
    <failure message="For input string: &quot;From Ђ30.10&quot;" type="java.lang.NumberFormatException">java.lang.NumberFormatException: For input string: "From Ђ30.10"
	at MSInnovations.TestSuite.userShouldBeAbleToSortOutProductHighToLow(TestSuite.java:94)
</failure>
  </testcase>
  <testcase name="verifyAddToCartButtonForAllFeaturedProducts" classname="MSInnovations.TestSuite" time="0.628"/>
</testsuite>